2014-04-08 19:59:44,738 INFO: microblog startup [in /home/toptalent/flask/app/__init__.py:36]
2014-04-08 19:59:45,426 INFO: microblog startup [in /home/toptalent/flask/app/__init__.py:36]
2014-04-08 20:07:47,708 INFO: microblog startup [in /home/toptalent/flask/app/__init__.py:36]
2014-04-08 20:09:34,247 INFO: microblog startup [in /home/toptalent/flask/app/__init__.py:36]
2014-04-08 20:09:34,922 INFO: microblog startup [in /home/toptalent/flask/app/__init__.py:36]
2014-04-10 00:38:28,408 INFO: microblog startup [in /home/toptalent/flask/app/__init__.py:36]
2014-04-10 00:47:02,910 INFO: microblog startup [in /home/toptalent/flask/app/__init__.py:36]
2014-04-10 01:01:50,037 INFO: microblog startup [in /home/toptalent/flask/app/__init__.py:36]
2014-04-10 01:13:17,344 INFO: microblog startup [in /home/toptalent/flask/app/__init__.py:36]
2014-04-10 01:13:18,116 INFO: microblog startup [in /home/toptalent/flask/app/__init__.py:36]
2014-04-10 22:36:47,744 INFO: microblog startup [in /home/toptalent/flask/app/__init__.py:36]
2014-04-10 22:36:48,736 INFO: microblog startup [in /home/toptalent/flask/app/__init__.py:36]
2014-04-10 22:36:59,147 INFO: microblog startup [in /home/toptalent/flask/app/__init__.py:36]
2014-04-10 22:36:59,920 INFO: microblog startup [in /home/toptalent/flask/app/__init__.py:36]
2014-04-10 22:42:27,972 INFO: microblog startup [in /home/toptalent/flask/app/__init__.py:36]
2014-04-10 22:44:26,987 INFO: microblog startup [in /home/toptalent/flask/app/__init__.py:36]
2014-04-10 22:44:36,984 INFO: microblog startup [in /home/toptalent/flask/app/__init__.py:36]
2014-04-10 22:44:55,169 INFO: microblog startup [in /home/toptalent/flask/app/__init__.py:36]
2014-04-10 22:46:21,533 INFO: microblog startup [in /home/toptalent/flask/app/__init__.py:36]
2014-04-10 22:46:30,544 INFO: microblog startup [in /home/toptalent/flask/app/__init__.py:36]
2014-04-10 22:59:33,924 INFO: microblog startup [in /home/toptalent/flask/app/__init__.py:36]
2014-04-10 23:11:46,391 INFO: microblog startup [in /home/toptalent/flask/app/__init__.py:36]
2014-04-10 23:13:22,935 INFO: microblog startup [in /home/toptalent/flask/app/__init__.py:36]
2014-04-10 23:13:27,789 INFO: microblog startup [in /home/toptalent/flask/app/__init__.py:36]
2014-04-10 23:13:47,929 INFO: microblog startup [in /home/toptalent/flask/app/__init__.py:36]
2014-04-10 23:18:57,496 INFO: microblog startup [in /home/toptalent/flask/app/__init__.py:36]
2014-04-10 23:22:05,921 INFO: microblog startup [in /home/toptalent/flask/app/__init__.py:36]
2014-04-10 23:22:15,863 INFO: microblog startup [in /home/toptalent/flask/app/__init__.py:36]
2014-04-10 23:33:45,449 INFO: microblog startup [in /home/toptalent/flask/app/__init__.py:34]
2014-04-10 23:34:15,767 INFO: microblog startup [in /home/toptalent/flask/app/__init__.py:34]
2014-04-10 23:34:44,051 INFO: microblog startup [in /home/toptalent/flask/app/__init__.py:34]
2014-04-10 23:35:07,232 INFO: microblog startup [in /home/toptalent/flask/app/__init__.py:34]
2014-04-10 23:35:10,050 INFO: microblog startup [in /home/toptalent/flask/app/__init__.py:34]
2014-04-10 23:36:54,712 INFO: microblog startup [in /home/toptalent/flask/app/__init__.py:34]
2014-04-10 23:48:06,002 INFO: microblog startup [in /home/toptalent/flask/app/__init__.py:34]
2014-04-10 23:50:38,513 INFO: microblog startup [in /home/toptalent/flask/app/__init__.py:34]
2014-04-10 23:53:00,931 INFO: microblog startup [in /home/toptalent/flask/app/__init__.py:34]
2014-04-10 23:53:42,424 INFO: microblog startup [in /home/toptalent/flask/app/__init__.py:34]
2014-04-10 23:53:49,425 INFO: microblog startup [in /home/toptalent/flask/app/__init__.py:34]
2014-04-11 00:03:33,208 INFO: microblog startup [in app/__init__.py:34]
2014-04-11 00:09:27,206 INFO: microblog startup [in app/__init__.py:34]
2014-04-11 00:15:17,818 INFO: microblog startup [in /home/toptalent/flask/app/__init__.py:34]
2014-04-11 00:15:18,503 INFO: microblog startup [in /home/toptalent/flask/app/__init__.py:34]
2014-04-11 00:21:50,067 INFO: microblog startup [in /home/toptalent/flask/app/__init__.py:34]
2014-04-11 00:21:50,751 INFO: microblog startup [in /home/toptalent/flask/app/__init__.py:34]
2014-04-11 18:56:27,068 INFO: microblog startup [in app/__init__.py:34]
2014-04-11 20:34:04,186 INFO: microblog startup [in /home/toptalent/flask/app/__init__.py:34]
2014-04-11 20:34:06,409 INFO: microblog startup [in /home/toptalent/flask/app/__init__.py:34]
2014-04-12 19:27:44,040 INFO: microblog startup [in /home/toptalent/flask/app/__init__.py:34]
2014-04-12 19:27:45,979 INFO: microblog startup [in /home/toptalent/flask/app/__init__.py:34]
2014-04-12 19:55:29,165 INFO: microblog startup [in app/__init__.py:35]
2014-04-12 20:20:03,824 INFO: microblog startup [in /home/toptalent/flask/app/__init__.py:35]
2014-04-12 20:22:01,401 INFO: microblog startup [in /home/toptalent/flask/app/__init__.py:34]
2014-04-12 20:24:50,061 INFO: microblog startup [in /home/toptalent/flask/app/__init__.py:36]
2014-04-12 20:24:50,934 INFO: microblog startup [in /home/toptalent/flask/app/__init__.py:36]
2014-04-13 02:26:37,049 INFO: microblog startup [in /home/toptalent/flask/app/__init__.py:36]
2014-04-13 02:27:59,364 INFO: microblog startup [in /home/toptalent/flask/app/__init__.py:36]
2014-04-13 02:28:18,644 INFO: microblog startup [in /home/toptalent/flask/app/__init__.py:36]
2014-04-13 02:29:50,965 INFO: microblog startup [in /home/toptalent/flask/app/__init__.py:36]
2014-04-13 02:29:51,989 INFO: microblog startup [in /home/toptalent/flask/app/__init__.py:36]
2014-04-13 02:29:58,133 INFO: microblog startup [in /home/toptalent/flask/app/__init__.py:36]
2014-04-13 02:30:04,222 INFO: microblog startup [in /home/toptalent/flask/app/__init__.py:36]
2014-04-13 02:30:06,220 INFO: microblog startup [in /home/toptalent/flask/app/__init__.py:36]
2014-04-13 02:30:09,239 INFO: microblog startup [in /home/toptalent/flask/app/__init__.py:36]
2014-04-13 02:31:52,318 INFO: microblog startup [in /home/toptalent/flask/app/__init__.py:36]
2014-04-13 02:31:53,184 INFO: microblog startup [in /home/toptalent/flask/app/__init__.py:36]
2014-04-13 02:43:27,897 INFO: microblog startup [in /home/toptalent/flask/app/__init__.py:36]
2014-04-13 02:43:31,943 INFO: microblog startup [in /home/toptalent/flask/app/__init__.py:36]
2014-04-13 02:44:12,714 INFO: microblog startup [in /home/toptalent/flask/app/__init__.py:36]
2014-04-13 02:47:42,667 INFO: microblog startup [in /home/toptalent/flask/app/__init__.py:36]
2014-04-13 17:40:35,018 INFO: microblog startup [in /home/toptalent/flask/app/__init__.py:36]
2014-04-13 17:40:36,314 INFO: microblog startup [in /home/toptalent/flask/app/__init__.py:36]
2014-04-13 18:35:43,821 INFO: microblog startup [in /home/toptalent/flask/app/__init__.py:38]
2014-04-13 18:35:44,844 INFO: microblog startup [in /home/toptalent/flask/app/__init__.py:38]
2014-04-13 18:45:22,058 INFO: microblog startup [in /home/toptalent/flask/app/__init__.py:38]
2014-04-13 18:49:30,203 INFO: microblog startup [in /home/toptalent/flask/app/__init__.py:38]
2014-04-13 18:49:31,169 INFO: microblog startup [in /home/toptalent/flask/app/__init__.py:38]
2014-04-13 23:14:18,394 INFO: microblog startup [in /home/toptalent/flask/app/__init__.py:38]
2014-04-13 23:14:20,377 INFO: microblog startup [in /home/toptalent/flask/app/__init__.py:38]
2014-04-14 01:27:41,253 INFO: microblog startup [in /home/toptalent/flask/app/__init__.py:40]
2014-04-14 01:27:42,580 INFO: microblog startup [in /home/toptalent/flask/app/__init__.py:40]
2014-04-14 01:29:55,147 INFO: microblog startup [in /home/toptalent/flask/app/__init__.py:40]
2014-04-14 01:37:48,080 INFO: microblog startup [in /home/toptalent/flask/app/__init__.py:40]
2014-04-14 18:43:24,072 INFO: microblog startup [in /home/toptalent/flask/app/__init__.py:40]
2014-04-14 18:43:25,766 INFO: microblog startup [in /home/toptalent/flask/app/__init__.py:40]
2014-04-14 19:12:03,203 INFO: microblog startup [in /home/toptalent/flask/app/__init__.py:40]
2014-04-14 21:09:14,905 INFO: microblog startup [in app/__init__.py:40]
2014-04-14 21:24:56,433 INFO: microblog startup [in /home/toptalent/flask/app/__init__.py:40]
2014-04-14 21:25:00,148 INFO: microblog startup [in /home/toptalent/flask/app/__init__.py:40]
2014-04-14 21:52:25,053 INFO: microblog startup [in /home/toptalent/flask/app/__init__.py:40]
2014-04-14 21:52:30,808 INFO: microblog startup [in /home/toptalent/flask/app/__init__.py:40]
2014-04-14 21:52:34,553 INFO: microblog startup [in /home/toptalent/flask/app/__init__.py:40]
2014-04-14 21:52:39,280 INFO: microblog startup [in /home/toptalent/flask/app/__init__.py:40]
2014-04-14 21:52:45,103 INFO: microblog startup [in /home/toptalent/flask/app/__init__.py:40]
2014-04-14 21:52:48,826 INFO: microblog startup [in /home/toptalent/flask/app/__init__.py:40]
2014-04-14 21:52:53,743 INFO: microblog startup [in /home/toptalent/flask/app/__init__.py:40]
2014-04-14 21:52:59,556 INFO: microblog startup [in /home/toptalent/flask/app/__init__.py:40]
2014-04-14 21:54:03,463 INFO: microblog startup [in /home/toptalent/flask/app/__init__.py:40]
2014-04-14 21:54:38,824 INFO: microblog startup [in /home/toptalent/flask/app/__init__.py:40]
2014-04-14 21:55:44,810 INFO: microblog startup [in /home/toptalent/flask/app/__init__.py:40]
2014-04-14 21:56:45,848 INFO: microblog startup [in /home/toptalent/flask/app/__init__.py:40]
2014-04-14 21:57:25,802 INFO: microblog startup [in /home/toptalent/flask/app/__init__.py:40]
2014-04-14 21:57:48,032 INFO: microblog startup [in /home/toptalent/flask/app/__init__.py:40]
2014-04-14 22:31:10,569 INFO: microblog startup [in /home/toptalent/flask/app/__init__.py:40]
2014-04-14 22:31:14,351 INFO: microblog startup [in /home/toptalent/flask/app/__init__.py:40]
2014-04-14 23:14:13,888 INFO: microblog startup [in /home/toptalent/flask/app/__init__.py:40]
2014-04-14 23:14:16,510 INFO: microblog startup [in /home/toptalent/flask/app/__init__.py:40]
2014-04-14 23:14:32,741 INFO: microblog startup [in /home/toptalent/flask/app/__init__.py:40]
2014-04-14 23:22:54,891 INFO: microblog startup [in /home/toptalent/flask/app/__init__.py:40]
2014-04-14 23:22:57,490 INFO: microblog startup [in /home/toptalent/flask/app/__init__.py:40]
2014-04-14 23:27:00,456 INFO: microblog startup [in /home/toptalent/flask/app/__init__.py:40]
2014-04-14 23:29:30,386 INFO: microblog startup [in /home/toptalent/flask/app/__init__.py:40]
2014-04-14 23:30:26,113 INFO: microblog startup [in /home/toptalent/flask/app/__init__.py:40]
2014-04-14 23:31:24,322 INFO: microblog startup [in /home/toptalent/flask/app/__init__.py:40]
2014-04-14 23:31:26,881 INFO: microblog startup [in /home/toptalent/flask/app/__init__.py:40]
2014-04-14 23:34:40,871 INFO: microblog startup [in /home/toptalent/flask/app/__init__.py:40]
2014-04-14 23:50:00,976 INFO: microblog startup [in /home/toptalent/flask/app/__init__.py:40]
2014-04-14 23:50:52,604 INFO: microblog startup [in /home/toptalent/flask/app/__init__.py:40]
2014-04-14 23:51:49,025 INFO: microblog startup [in /home/toptalent/flask/app/__init__.py:40]
2014-04-14 23:52:22,220 INFO: microblog startup [in /home/toptalent/flask/app/__init__.py:40]
2014-04-14 23:53:41,112 INFO: microblog startup [in /home/toptalent/flask/app/__init__.py:40]
2014-04-14 23:53:43,672 INFO: microblog startup [in /home/toptalent/flask/app/__init__.py:40]
2014-04-15 23:20:23,920 INFO: microblog startup [in /home/toptalent/flask/app/__init__.py:40]
2014-04-15 23:21:34,477 ERROR: Exception on /delete/7 [GET] [in /home/toptalent/flask/flask/local/lib/python2.7/site-packages/flask/app.py:1306]
Traceback (most recent call last):
  File "/home/toptalent/flask/flask/local/lib/python2.7/site-packages/flask/app.py", line 1687, in wsgi_app
    response = self.full_dispatch_request()
  File "/home/toptalent/flask/flask/local/lib/python2.7/site-packages/flask/app.py", line 1360, in full_dispatch_request
    rv = self.handle_user_exception(e)
  File "/home/toptalent/flask/flask/local/lib/python2.7/site-packages/flask/app.py", line 1358, in full_dispatch_request
    rv = self.dispatch_request()
  File "/home/toptalent/flask/flask/local/lib/python2.7/site-packages/flask/app.py", line 1344, in dispatch_request
    return self.view_functions[rule.endpoint](**req.view_args)
  File "/home/toptalent/flask/flask/local/lib/python2.7/site-packages/flask_login.py", line 758, in decorated_view
    return func(*args, **kwargs)
  File "/home/toptalent/flask/app/views.py", line 41, in delete
    db.session.delete(post)
  File "/home/toptalent/flask/flask/local/lib/python2.7/site-packages/sqlalchemy/orm/scoping.py", line 114, in do
    return getattr(self.registry(), name)(*args, **kwargs)
  File "/home/toptalent/flask/flask/local/lib/python2.7/site-packages/sqlalchemy/orm/session.py", line 1400, in delete
    self._attach(state)
  File "/home/toptalent/flask/flask/local/lib/python2.7/site-packages/sqlalchemy/orm/session.py", line 1656, in _attach
    state.session_id, self.hash_key))
InvalidRequestError: Object '<Post at 0x2a04810>' is already attached to session '1' (this is '6')
2014-04-15 23:22:51,557 ERROR: Exception on /delete/5 [GET] [in /home/toptalent/flask/flask/local/lib/python2.7/site-packages/flask/app.py:1306]
Traceback (most recent call last):
  File "/home/toptalent/flask/flask/local/lib/python2.7/site-packages/flask/app.py", line 1687, in wsgi_app
    response = self.full_dispatch_request()
  File "/home/toptalent/flask/flask/local/lib/python2.7/site-packages/flask/app.py", line 1360, in full_dispatch_request
    rv = self.handle_user_exception(e)
  File "/home/toptalent/flask/flask/local/lib/python2.7/site-packages/flask/app.py", line 1358, in full_dispatch_request
    rv = self.dispatch_request()
  File "/home/toptalent/flask/flask/local/lib/python2.7/site-packages/flask/app.py", line 1344, in dispatch_request
    return self.view_functions[rule.endpoint](**req.view_args)
  File "/home/toptalent/flask/flask/local/lib/python2.7/site-packages/flask_login.py", line 758, in decorated_view
    return func(*args, **kwargs)
  File "/home/toptalent/flask/app/views.py", line 41, in delete
    db.session.delete(post)
  File "/home/toptalent/flask/flask/local/lib/python2.7/site-packages/sqlalchemy/orm/scoping.py", line 114, in do
    return getattr(self.registry(), name)(*args, **kwargs)
  File "/home/toptalent/flask/flask/local/lib/python2.7/site-packages/sqlalchemy/orm/session.py", line 1400, in delete
    self._attach(state)
  File "/home/toptalent/flask/flask/local/lib/python2.7/site-packages/sqlalchemy/orm/session.py", line 1656, in _attach
    state.session_id, self.hash_key))
InvalidRequestError: Object '<Post at 0x2a1cad0>' is already attached to session '1' (this is '9')
2014-04-15 23:30:54,543 INFO: microblog startup [in /home/toptalent/flask/app/__init__.py:40]
2014-04-15 23:31:07,472 INFO: microblog startup [in /home/toptalent/flask/app/__init__.py:40]
2014-04-15 23:31:10,196 INFO: microblog startup [in /home/toptalent/flask/app/__init__.py:40]
2014-04-15 23:36:53,749 INFO: microblog startup [in /home/toptalent/flask/app/__init__.py:40]
2014-04-15 23:37:09,472 INFO: microblog startup [in /home/toptalent/flask/app/__init__.py:40]
2014-04-16 00:05:32,753 INFO: microblog startup [in /home/toptalent/flask/app/__init__.py:40]
2014-04-16 00:06:13,744 INFO: microblog startup [in /home/toptalent/flask/app/__init__.py:40]
2014-04-16 00:11:34,923 INFO: microblog startup [in /home/toptalent/flask/app/__init__.py:40]
2014-04-16 00:13:08,226 INFO: microblog startup [in /home/toptalent/flask/app/__init__.py:40]
2014-04-16 00:18:11,612 INFO: microblog startup [in /home/toptalent/flask/app/__init__.py:40]
2014-04-16 00:18:14,526 INFO: microblog startup [in /home/toptalent/flask/app/__init__.py:40]
2014-04-17 01:25:11,225 INFO: microblog startup [in /home/toptalent/flask/app/__init__.py:40]
2014-04-17 01:30:23,062 INFO: microblog startup [in /home/toptalent/flask/app/__init__.py:40]
2014-04-17 01:31:51,745 INFO: microblog startup [in /home/toptalent/flask/app/__init__.py:40]
2014-04-17 01:32:19,431 INFO: microblog startup [in /home/toptalent/flask/app/__init__.py:40]
2014-04-17 01:33:14,433 INFO: microblog startup [in /home/toptalent/flask/app/__init__.py:40]
2014-04-17 01:34:03,538 INFO: microblog startup [in /home/toptalent/flask/app/__init__.py:40]
2014-04-17 01:35:29,861 INFO: microblog startup [in /home/toptalent/flask/app/__init__.py:40]
2014-04-17 01:48:11,939 INFO: microblog startup [in /home/toptalent/flask/app/__init__.py:40]
2014-04-17 01:48:14,660 INFO: microblog startup [in /home/toptalent/flask/app/__init__.py:40]
2014-04-18 22:43:04,905 INFO: microblog startup [in /home/toptalent/flask/app/__init__.py:40]
2014-04-18 22:43:08,486 INFO: microblog startup [in /home/toptalent/flask/app/__init__.py:40]
2014-04-18 22:44:43,773 INFO: microblog startup [in /home/toptalent/flask/app/__init__.py:40]
2014-04-18 22:45:21,329 INFO: microblog startup [in /home/toptalent/flask/app/__init__.py:40]
2014-04-18 22:56:09,514 INFO: microblog startup [in /home/toptalent/flask/app/__init__.py:40]
2014-04-18 23:01:10,170 INFO: microblog startup [in /home/toptalent/flask/app/__init__.py:40]
2014-04-18 23:01:29,038 INFO: microblog startup [in /home/toptalent/flask/app/__init__.py:40]
2014-04-18 23:04:16,740 INFO: microblog startup [in /home/toptalent/flask/app/__init__.py:40]
2014-04-18 23:04:33,850 INFO: microblog startup [in /home/toptalent/flask/app/__init__.py:40]
2014-04-18 23:04:53,670 INFO: microblog startup [in /home/toptalent/flask/app/__init__.py:40]
2014-04-18 23:15:31,274 INFO: microblog startup [in /home/toptalent/flask/app/__init__.py:40]
2014-04-18 23:15:33,838 INFO: microblog startup [in /home/toptalent/flask/app/__init__.py:40]
2014-04-18 23:16:13,406 INFO: microblog startup [in /home/toptalent/flask/app/__init__.py:40]
